2026-01-10T07:04:09.685Z: getEvents triggered
2026-01-10T07:04:09.690Z: Admin: true
2026-01-10T07:04:09.872Z: Found 1 events
2026-01-10T07:04:09.873Z: First event: {"event_id":9,"name":"Festival of Aeromodelling 2026","slug":"festival-2026","description":"The 5th Festival of Aeromodelling is to be held from the 4th to the 12th of July 2026!\n\nAgain next year the small town of Inglewood, Queensland will be hosting the largest RC Fun Fly Event!​\n\nThe Festival of Aeromodelling is about Fun, Fellowship and Hospitality amongst aeromodellers regardless of the discipline or area of aeromodelling that you are into. \n\n2026 is set to be bigger than ever with many more additions in the works along.","banner_url":"/uploads/97358203-447e-46fe-bcfa-e9c17dffa8cc.avif","start_date":"2026-07-02T08:00:00.000Z","end_date":"2026-07-10T08:00:00.000Z","status":"Published","venue_name":"Inglewood MacIntyre Sports Complex","city":"Inglewood","state":"QLD"}
2026-01-10T07:04:09.886Z: getEvents triggered
2026-01-10T07:04:09.888Z: Admin: true
2026-01-10T07:04:10.054Z: Found 1 events
2026-01-10T07:04:10.055Z: First event: {"event_id":9,"name":"Festival of Aeromodelling 2026","slug":"festival-2026","description":"The 5th Festival of Aeromodelling is to be held from the 4th to the 12th of July 2026!\n\nAgain next year the small town of Inglewood, Queensland will be hosting the largest RC Fun Fly Event!​\n\nThe Festival of Aeromodelling is about Fun, Fellowship and Hospitality amongst aeromodellers regardless of the discipline or area of aeromodelling that you are into. \n\n2026 is set to be bigger than ever with many more additions in the works along.","banner_url":"/uploads/97358203-447e-46fe-bcfa-e9c17dffa8cc.avif","start_date":"2026-07-02T08:00:00.000Z","end_date":"2026-07-10T08:00:00.000Z","status":"Published","venue_name":"Inglewood MacIntyre Sports Complex","city":"Inglewood","state":"QLD"}
2026-01-10T07:04:16.107Z: getEvents triggered
2026-01-10T07:04:16.108Z: Admin: true
2026-01-10T07:04:16.284Z: Found 1 events
2026-01-10T07:04:16.285Z: First event: {"event_id":9,"name":"Festival of Aeromodelling 2026","slug":"festival-2026","description":"The 5th Festival of Aeromodelling is to be held from the 4th to the 12th of July 2026!\n\nAgain next year the small town of Inglewood, Queensland will be hosting the largest RC Fun Fly Event!​\n\nThe Festival of Aeromodelling is about Fun, Fellowship and Hospitality amongst aeromodellers regardless of the discipline or area of aeromodelling that you are into. \n\n2026 is set to be bigger than ever with many more additions in the works along.","banner_url":"/uploads/97358203-447e-46fe-bcfa-e9c17dffa8cc.avif","start_date":"2026-07-01T22:00:00.000Z","end_date":"2026-07-09T22:00:00.000Z","status":"Published","venue_name":"Inglewood MacIntyre Sports Complex","city":"Inglewood","state":"QLD"}
2026-01-10T07:04:16.297Z: getEvents triggered
2026-01-10T07:04:16.300Z: Admin: true
2026-01-10T07:04:16.472Z: Found 1 events
2026-01-10T07:04:16.473Z: First event: {"event_id":9,"name":"Festival of Aeromodelling 2026","slug":"festival-2026","description":"The 5th Festival of Aeromodelling is to be held from the 4th to the 12th of July 2026!\n\nAgain next year the small town of Inglewood, Queensland will be hosting the largest RC Fun Fly Event!​\n\nThe Festival of Aeromodelling is about Fun, Fellowship and Hospitality amongst aeromodellers regardless of the discipline or area of aeromodelling that you are into. \n\n2026 is set to be bigger than ever with many more additions in the works along.","banner_url":"/uploads/97358203-447e-46fe-bcfa-e9c17dffa8cc.avif","start_date":"2026-07-01T22:00:00.000Z","end_date":"2026-07-09T22:00:00.000Z","status":"Published","venue_name":"Inglewood MacIntyre Sports Complex","city":"Inglewood","state":"QLD"}
2026-01-10T07:04:21.665Z: getEvents triggered
2026-01-10T07:04:21.667Z: Admin: true
2026-01-10T07:04:21.841Z: Found 1 events
2026-01-10T07:04:21.842Z: First event: {"event_id":9,"name":"Festival of Aeromodelling 2026","slug":"festival-2026","description":"The 5th Festival of Aeromodelling is to be held from the 4th to the 12th of July 2026!\n\nAgain next year the small town of Inglewood, Queensland will be hosting the largest RC Fun Fly Event!​\n\nThe Festival of Aeromodelling is about Fun, Fellowship and Hospitality amongst aeromodellers regardless of the discipline or area of aeromodelling that you are into. \n\n2026 is set to be bigger than ever with many more additions in the works along.","banner_url":"/uploads/97358203-447e-46fe-bcfa-e9c17dffa8cc.avif","start_date":"2026-07-01T12:00:00.000Z","end_date":"2026-07-09T12:00:00.000Z","status":"Published","venue_name":"Inglewood MacIntyre Sports Complex","city":"Inglewood","state":"QLD"}
2026-01-10T07:04:21.852Z: getEvents triggered
2026-01-10T07:04:21.854Z: Admin: true
2026-01-10T07:04:22.028Z: Found 1 events
2026-01-10T07:04:22.029Z: First event: {"event_id":9,"name":"Festival of Aeromodelling 2026","slug":"festival-2026","description":"The 5th Festival of Aeromodelling is to be held from the 4th to the 12th of July 2026!\n\nAgain next year the small town of Inglewood, Queensland will be hosting the largest RC Fun Fly Event!​\n\nThe Festival of Aeromodelling is about Fun, Fellowship and Hospitality amongst aeromodellers regardless of the discipline or area of aeromodelling that you are into. \n\n2026 is set to be bigger than ever with many more additions in the works along.","banner_url":"/uploads/97358203-447e-46fe-bcfa-e9c17dffa8cc.avif","start_date":"2026-07-01T12:00:00.000Z","end_date":"2026-07-09T12:00:00.000Z","status":"Published","venue_name":"Inglewood MacIntyre Sports Complex","city":"Inglewood","state":"QLD"}
2026-01-10T07:04:27.670Z: getEvents triggered
2026-01-10T07:04:27.671Z: Admin: true
2026-01-10T07:04:27.861Z: Found 1 events
2026-01-10T07:04:27.862Z: First event: {"event_id":9,"name":"Festival of Aeromodelling 2026","slug":"festival-2026","description":"The 5th Festival of Aeromodelling is to be held from the 4th to the 12th of July 2026!\n\nAgain next year the small town of Inglewood, Queensland will be hosting the largest RC Fun Fly Event!​\n\nThe Festival of Aeromodelling is about Fun, Fellowship and Hospitality amongst aeromodellers regardless of the discipline or area of aeromodelling that you are into. \n\n2026 is set to be bigger than ever with many more additions in the works along.","banner_url":"/uploads/97358203-447e-46fe-bcfa-e9c17dffa8cc.avif","start_date":"2026-07-01T02:00:00.000Z","end_date":"2026-07-09T02:00:00.000Z","status":"Published","venue_name":"Inglewood MacIntyre Sports Complex","city":"Inglewood","state":"QLD"}
2026-01-10T07:04:27.876Z: getEvents triggered
2026-01-10T07:04:27.877Z: Admin: true
2026-01-10T07:04:28.057Z: Found 1 events
2026-01-10T07:04:28.058Z: First event: {"event_id":9,"name":"Festival of Aeromodelling 2026","slug":"festival-2026","description":"The 5th Festival of Aeromodelling is to be held from the 4th to the 12th of July 2026!\n\nAgain next year the small town of Inglewood, Queensland will be hosting the largest RC Fun Fly Event!​\n\nThe Festival of Aeromodelling is about Fun, Fellowship and Hospitality amongst aeromodellers regardless of the discipline or area of aeromodelling that you are into. \n\n2026 is set to be bigger than ever with many more additions in the works along.","banner_url":"/uploads/97358203-447e-46fe-bcfa-e9c17dffa8cc.avif","start_date":"2026-07-01T02:00:00.000Z","end_date":"2026-07-09T02:00:00.000Z","status":"Published","venue_name":"Inglewood MacIntyre Sports Complex","city":"Inglewood","state":"QLD"}
2026-01-10T07:11:09.329Z: getEvents triggered
2026-01-10T07:11:09.333Z: Admin: true
2026-01-10T07:11:09.340Z: getEvents triggered
2026-01-10T07:11:09.342Z: Admin: true
2026-01-10T07:11:09.666Z: Found 1 events
2026-01-10T07:11:09.667Z: First event: {"event_id":9,"name":"Festival of Aeromodelling 2026","slug":"festival-2026","description":"The 5th Festival of Aeromodelling is to be held from the 4th to the 12th of July 2026!\n\nAgain next year the small town of Inglewood, Queensland will be hosting the largest RC Fun Fly Event!​\n\nThe Festival of Aeromodelling is about Fun, Fellowship and Hospitality amongst aeromodellers regardless of the discipline or area of aeromodelling that you are into. \n\n2026 is set to be bigger than ever with many more additions in the works along.","banner_url":"/uploads/97358203-447e-46fe-bcfa-e9c17dffa8cc.avif","start_date":"2026-07-01T02:00:00.000Z","end_date":"2026-07-09T02:00:00.000Z","status":"Published","is_public_viewable":true,"venue_name":"Inglewood MacIntyre Sports Complex","city":"Inglewood","state":"QLD"}
2026-01-10T07:11:09.859Z: Found 1 events
2026-01-10T07:11:09.860Z: First event: {"event_id":9,"name":"Festival of Aeromodelling 2026","slug":"festival-2026","description":"The 5th Festival of Aeromodelling is to be held from the 4th to the 12th of July 2026!\n\nAgain next year the small town of Inglewood, Queensland will be hosting the largest RC Fun Fly Event!​\n\nThe Festival of Aeromodelling is about Fun, Fellowship and Hospitality amongst aeromodellers regardless of the discipline or area of aeromodelling that you are into. \n\n2026 is set to be bigger than ever with many more additions in the works along.","banner_url":"/uploads/97358203-447e-46fe-bcfa-e9c17dffa8cc.avif","start_date":"2026-07-01T02:00:00.000Z","end_date":"2026-07-09T02:00:00.000Z","status":"Published","is_public_viewable":true,"venue_name":"Inglewood MacIntyre Sports Complex","city":"Inglewood","state":"QLD"}
2026-01-10T07:14:06.416Z: getEvents triggered
2026-01-10T07:14:06.418Z: Admin: true
2026-01-10T07:14:06.760Z: Found 1 events
2026-01-10T07:14:06.760Z: First event: {"event_id":9,"name":"Festival of Aeromodelling 2026","slug":"festival-2026","description":"The 5th Festival of Aeromodelling is to be held from the 4th to the 12th of July 2026!\n\nAgain next year the small town of Inglewood, Queensland will be hosting the largest RC Fun Fly Event!​\n\nThe Festival of Aeromodelling is about Fun, Fellowship and Hospitality amongst aeromodellers regardless of the discipline or area of aeromodelling that you are into. \n\n2026 is set to be bigger than ever with many more additions in the works along.","banner_url":"/uploads/97358203-447e-46fe-bcfa-e9c17dffa8cc.avif","start_date":"2026-07-01T02:00:00.000Z","end_date":"2026-07-09T02:00:00.000Z","status":"Published","is_public_viewable":true,"venue_name":"Inglewood MacIntyre Sports Complex","city":"Inglewood","state":"QLD"}
2026-01-10T07:14:06.770Z: getEvents triggered
2026-01-10T07:14:06.772Z: Admin: true
2026-01-10T07:14:07.095Z: Found 1 events
2026-01-10T07:14:07.096Z: First event: {"event_id":9,"name":"Festival of Aeromodelling 2026","slug":"festival-2026","description":"The 5th Festival of Aeromodelling is to be held from the 4th to the 12th of July 2026!\n\nAgain next year the small town of Inglewood, Queensland will be hosting the largest RC Fun Fly Event!​\n\nThe Festival of Aeromodelling is about Fun, Fellowship and Hospitality amongst aeromodellers regardless of the discipline or area of aeromodelling that you are into. \n\n2026 is set to be bigger than ever with many more additions in the works along.","banner_url":"/uploads/97358203-447e-46fe-bcfa-e9c17dffa8cc.avif","start_date":"2026-07-01T02:00:00.000Z","end_date":"2026-07-09T02:00:00.000Z","status":"Published","is_public_viewable":true,"venue_name":"Inglewood MacIntyre Sports Complex","city":"Inglewood","state":"QLD"}
2026-01-10T19:47:17.059Z: getEvents triggered
2026-01-10T19:47:17.062Z: Admin: true
2026-01-10T19:47:17.957Z: Found 1 events
2026-01-10T19:47:17.958Z: First event: {"event_id":9,"name":"Festival of Aeromodelling 2026","slug":"festival-2026","description":"The 5th Festival of Aeromodelling is to be held from the 4th to the 12th of July 2026!\n\nAgain next year the small town of Inglewood, Queensland will be hosting the largest RC Fun Fly Event!​\n\nThe Festival of Aeromodelling is about Fun, Fellowship and Hospitality amongst aeromodellers regardless of the discipline or area of aeromodelling that you are into. \n\n2026 is set to be bigger than ever with many more additions in the works along.","banner_url":"/uploads/97358203-447e-46fe-bcfa-e9c17dffa8cc.avif","start_date":"2026-07-01T02:00:00.000Z","end_date":"2026-07-09T02:00:00.000Z","status":"Published","is_public_viewable":true,"venue_name":"Inglewood MacIntyre Sports Complex","city":"Inglewood","state":"QLD"}
2026-01-10T19:47:17.971Z: getEvents triggered
2026-01-10T19:47:17.972Z: Admin: true
2026-01-10T19:47:18.124Z: Found 1 events
2026-01-10T19:47:18.125Z: First event: {"event_id":9,"name":"Festival of Aeromodelling 2026","slug":"festival-2026","description":"The 5th Festival of Aeromodelling is to be held from the 4th to the 12th of July 2026!\n\nAgain next year the small town of Inglewood, Queensland will be hosting the largest RC Fun Fly Event!​\n\nThe Festival of Aeromodelling is about Fun, Fellowship and Hospitality amongst aeromodellers regardless of the discipline or area of aeromodelling that you are into. \n\n2026 is set to be bigger than ever with many more additions in the works along.","banner_url":"/uploads/97358203-447e-46fe-bcfa-e9c17dffa8cc.avif","start_date":"2026-07-01T02:00:00.000Z","end_date":"2026-07-09T02:00:00.000Z","status":"Published","is_public_viewable":true,"venue_name":"Inglewood MacIntyre Sports Complex","city":"Inglewood","state":"QLD"}
2026-01-10T19:56:19.727Z: getEvents triggered
2026-01-10T19:56:19.732Z: Admin: true
2026-01-10T19:56:21.682Z: Found 1 events
2026-01-10T19:56:21.682Z: First event: {"event_id":9,"name":"Festival of Aeromodelling 2026","slug":"festival-2026","description":"The 5th Festival of Aeromodelling is to be held from the 4th to the 12th of July 2026!\n\nAgain next year the small town of Inglewood, Queensland will be hosting the largest RC Fun Fly Event!​\n\nThe Festival of Aeromodelling is about Fun, Fellowship and Hospitality amongst aeromodellers regardless of the discipline or area of aeromodelling that you are into. \n\n2026 is set to be bigger than ever with many more additions in the works along.","banner_url":"/uploads/97358203-447e-46fe-bcfa-e9c17dffa8cc.avif","start_date":"2026-07-01T02:00:00.000Z","end_date":"2026-07-09T02:00:00.000Z","status":"Published","is_public_viewable":true,"venue_name":"Inglewood MacIntyre Sports Complex","city":"Inglewood","state":"QLD"}
2026-01-10T19:56:21.699Z: getEvents triggered
2026-01-10T19:56:21.701Z: Admin: true
2026-01-10T19:56:21.889Z: Found 1 events
2026-01-10T19:56:21.890Z: First event: {"event_id":9,"name":"Festival of Aeromodelling 2026","slug":"festival-2026","description":"The 5th Festival of Aeromodelling is to be held from the 4th to the 12th of July 2026!\n\nAgain next year the small town of Inglewood, Queensland will be hosting the largest RC Fun Fly Event!​\n\nThe Festival of Aeromodelling is about Fun, Fellowship and Hospitality amongst aeromodellers regardless of the discipline or area of aeromodelling that you are into. \n\n2026 is set to be bigger than ever with many more additions in the works along.","banner_url":"/uploads/97358203-447e-46fe-bcfa-e9c17dffa8cc.avif","start_date":"2026-07-01T02:00:00.000Z","end_date":"2026-07-09T02:00:00.000Z","status":"Published","is_public_viewable":true,"venue_name":"Inglewood MacIntyre Sports Complex","city":"Inglewood","state":"QLD"}
